<?xml version="1.0" encoding="UTF-8"?>
<!-- Generated by org.testng.reporters.JUnitReportReporter -->
<testsuite hostname="DESKTOP-V2G05OJ" failures="0" tests="1" name="Test.MobileNumberLength" time="22.953" errors="0" timestamp="2022-07-28T15:49:25 IST" skipped="0">
  <testcase classname="Test.MobileNumberLength" name="Mobile" time="22.953"/>
  <system-out/>
</testsuite> <!-- Test.MobileNumberLength -->
